Watching for file changes with StatReloader
C:\Users\iamsh\OneDrive\Desktop\loan_project\atlas\models.py changed, reloading.
Watching for file changes with StatReloader
C:\Users\iamsh\OneDrive\Desktop\loan_project\atlas\views.py changed, reloading.
Watching for file changes with StatReloader
C:\Users\iamsh\OneDrive\Desktop\loan_project\atlas\views.py changed, reloading.
Watching for file changes with StatReloader
C:\Users\iamsh\OneDrive\Desktop\loan_project\atlas\admin.py changed, reloading.
Watching for file changes with StatReloader
C:\Users\iamsh\OneDrive\Desktop\loan_project\atlas\admin.py changed, reloading.
Watching for file changes with StatReloader
C:\Users\iamsh\OneDrive\Desktop\loan_project\core\urls.py changed, reloading.
Watching for file changes with StatReloader
C:\Users\iamsh\OneDrive\Desktop\loan_project\_check_images.py changed, reloading.
Watching for file changes with StatReloader
C:\Users\iamsh\OneDrive\Desktop\loan_project\atlas\views.py changed, reloading.
Watching for file changes with StatReloader
C:\Users\iamsh\OneDrive\Desktop\loan_project\atlas\views.py changed, reloading.
Watching for file changes with StatReloader
C:\Users\iamsh\OneDrive\Desktop\loan_project\atlas\views.py changed, reloading.
Watching for file changes with StatReloader
C:\Users\iamsh\OneDrive\Desktop\loan_project\atlas\views.py changed, reloading.
Watching for file changes with StatReloader
C:\Users\iamsh\OneDrive\Desktop\loan_project\atlas\views.py changed, reloading.
Watching for file changes with StatReloader
C:\Users\iamsh\OneDrive\Desktop\loan_project\atlas\views.py changed, reloading.
Watching for file changes with StatReloader
C:\Users\iamsh\OneDrive\Desktop\loan_project\core\urls.py changed, reloading.
Watching for file changes with StatReloader
C:\Users\iamsh\OneDrive\Desktop\loan_project\atlas\views.py changed, reloading.
Watching for file changes with StatReloader
C:\Users\iamsh\OneDrive\Desktop\loan_project\atlas\views.py changed, reloading.
Watching for file changes with StatReloader
